41001
41002
41004
41008
41009
41010
41012
41013
41024
41025
41033
41035
41036
41037
41038
41043
41044
41046
41047
41048
41049
41051
41052
41053
42001
42002
42003
42007
42012
42013
42014
42019
42020
42021
42022
42023
42035
42036
42039
42040
42045
42046
42055
42056
42058
42059
42060
42085
42360
44004
44005
44007
44008
44009
44011
44013
44014
44017
44018
44020
44022
44024
44025
44027
44029
44030
44031
44032
44033
44034
44035
44037
44038
44039
44040
44041
44042
44043
44057
44058
44059
44060
44061
44062
44063
44064
44065
44066
44067
45001
45002
45003
45004
45005
45006
45007
45008
45012
45022
45024
45025
45026
45027
45029
46001
46002
46005
46006
46011
46012
46013
46014
46015
46022
46023
46025
46026
46027
46028
46029
46035
46041
46042
46047
46050
46053
46054
46059
46060
46061
46063
46066
46069
46070
46071
46072
46073
46075
46076
46077
46078
46080
46081
46082
46083
46084
46085
46086
46087
46088
46089
46091
46092
46093
46109
46110
46111
46112
51000
51001
51002
51003
51004
51100
AAMC1
ADKA2
AMAA2
AMRL1
ANCF1
ANTA2
ANVC1
APNM4
AROP4
ARPF1
ASTO3
ATGM1
AUGA2
BARA9
BARN6
BEPB6
BHRI3
BIGM4
BISM2
BLIA2
BLTA2
BLTM3
BRND1
BSBM4
BSCA1
BUFN6
BUZM3
BYGL1
CABB
CABR
CABT
CACP
CACQ
CAFC
CAHD
CAHK
CAHR
CAHW
CAJT
CAMF1
CAMM2
CAMS
CAOH
CAOS
CAPL1
CAPR
CAQY
CARO3
CARP
CAWR
CBBC
CBBV2
CBLO1
CBRW3
CDEA2
CDRF1
CERM
CFWM1
CHAV3
CHCM2
CHDS1
CHII2
CHLV2
CHSV3
CHYV2
CLKN7
CLSM4
CMAN4
CMFM
CMGB
CMLU
CMMY
CMRF
CMSI
CMTH
CMTI2
CNDO1
CNPK
CNVQ
COVM2
CPIF
CPIL
CPOX
CPQW
CPTR1
CPXC1
CRTA1
CRVA2
CSPA2
CTAG
CTBT
CTGT
CTKG
CTKR
CTMS
CTNK
CTPQ
CTRA
CTTR
CTWL
CTZE
CTZR
CVAS
CVBB
CVLY
CVOC
CVOD
CVOI
CVOM
CVOP
CVOQ
CVOU
CVQZ
CVSL
CVTS
CVXS
CVXY
CWAF
CWAJ
CWAQ
CWAS
CWAV
CWBA
CWBD
CWBE
CWBF1
CWBJ
CWBK
CWBM
CWBO
CWBS
CWBT
CWBU
CWBV
CWBY
CWBZ
CWCA
CWCF
CWCH
CWCJ
CWCL
CWCO
CWCT
CWDH
CWDJ
CWDK
CWDM
CWDO
CWDQ
CWDR
CWDU
CWDV
CWDZ
CWEA
CWEB
CWEC
CWEH
CWEI
CWEK
CWEL
CWEO
CWEP
CWEQ
CWEW
CWEZ
CWFE
CWFF
CWFG
CWFJ
CWFO
CWFP
CWFQ
CWFW
CWGB
CWGD
CWGH
CWGN
CWGR
CWGT
CWGW
CWGX
CWGY
CWHL
CWHM
CWHN
CWHP
CWHQ
CWHT
CWHV
CWII
CWIK
CWIL
CWIS
CWIT
CWIW
CWIX
CWIY
CWIZ
CWJB
CWJD
CWJH
CWJI
CWJL
CWJN
CWJO
CWJR
CWJT
CWJU
CWJV
CWJW
CWJX
CWKB
CWKG
CWKM
CWKO
CWKP
CWKX
CWLB
CWLC
CWLE
CWLF
CWLI
CWLJ
CWLM
CWLP
CWLS
CWLV
CWLY
CWME
CWMI
CWMJ
CWMM
CWMQ
CWMX
CWNC
CWNE
CWNH
CWNK
CWNM
CWNP
CWNQ
CWNZ
CWOC
CWOD
CWOE
CWOI
CWOK
CWON
CWOV
CWOY
CWPD
CWPE
CWPF
CWPG
CWPK
CWPL
CWPN
CWPO
CWPR
CWPU
CWPX
CWPZ
CWQC
CWQD
CWQH
CWQL
CWQM
CWQP
CWQQ
CWQS
CWQV
CWQW
CWRD
CWRH
CWRJ
CWRK
CWRM
CWRN
CWRO
CWRR
CWRT
CWRU
CWRV
CWRY
CWRZ
CWSA
CWSB
CWSD
CWSF
CWSG
CWSK
CWSL
CWSP
CWSR
CWSS
CWST
CWSU
CWSV
CWSY
CWTA
CWTG
CWTN
CWTS
CWTT
CWTU
CWTY
CWUM
CWUP
CWUS
CWUT
CWUX
CWUY
CWVC
CWVF
CWVI
CWVN
CWVO
CWVP
CWVQ
CWVT
CWVU
CWWA
CWWB
CWWC
CWWE
CWWF
CWWK
CWWL
CWWN
CWWP
CWWZ
CWXA
CWXB
CWXC
CWXG
CWXL
CWXN
CWXR
CWXS
CWXZ
CWYE
CWYI
CWYJ
CWYL
CWYQ
CWYY
CWZA
CWZB
CWZE
CWZF
CWZG
CWZL
CWZQ
CWZR
CWZS
CWZT
CWZU
CWZV
CWZW
CXAF
CXBD
CXBI
CXBK
CXBO
CXBQ
CXBR
CXCA
CXCK
CXCP
CXDB
CXDE
CXDI
CXDK
CXDP
CXDW
CXEA
CXET
CXFA
CXFR
CXFV
CXGH
CXGM
CXHA
CXHI
CXHM
CXHR
CXIB
CXKA
CXKE
CXKM
CXKT
CXLB
CXLL
CXLT
CXMD
CXMI
CXMM
CXMP
CXMW
CXNM
CXNP
CXOA
CXOX
CXOY
CXPA
CXPS
CXRG
CXRH
CXSC
CXSH
CXSR
CXTD
CXTH
CXTL
CXTV
CXVG
CXVN
CXWF
CXWM
CXWN
CXYH
CXZC
CXZU
CXZV
CYAH
CYAM
CYBC
CYBG
CYBN
CYBR
CYBU
CYBX
CYCO
CYCX
CYDB
CYDF
CYDL
CYDN
CYDQ
CYED
CYEG
CYEK
CYEN
CYER
CYET
CYEV
CYFC
CYFS
CYGL
CYGP
CYGQ
CYGV
CYGW
CYGX
CYHD
CYHE
CYHK
CYHM
CYHU
CYHZ
CYIV
CYJT
CYKA
CYKF
CYKJ
CYKY
CYKZ
CYLH
CYLL
CYLW
CYMA
CYMM
CYMO
CYMT
CYMX
CYNA
CYNE
CYNM
CYOD
CYOO
CYOW
CYOY
CYPA
CYPD
CYPE
CYPH
CYPQ
CYPR
CYPY
CYQA
CYQB
CYQD
CYQF
CYQG
CYQH
CYQI
CYQK
CYQL
CYQM
CYQQ
CYQR
CYQT
CYQU
CYQV
CYQW
CYQY
CYQZ
CYRJ
CYRT
CYRV
CYSB
CYSC
CYSJ
CYTE
CYTH
CYTL
CYTR
CYTS
CYTZ
CYUA
CYUL
CYUX
CYUY
CYVC
CYVO
CYVQ
CYVR
CYVV
CYWA
CYWG
CYWK
CYWL
CYXC
CYXD
CYXE
CYXH
CYXJ
CYXL
CYXP
CYXR
CYXS
CYXT
CYXU
CYXX
CYXY
CYYB
CYYC
CYYD
CYYE
CYYF
CYYG
CYYJ
CYYL
CYYN
CYYQ
CYYR
CYYU
CYYY
CYYZ
CYZE
CYZH
CYZP
CYZR
CYZT
CYZV
CYZX
CYZY
CZBF
CZCP
CZCR
CZDB
CZEL
CZEV
CZFS
CZGH
CZHB
CZKA
CZMD
CZMJ
CZOC
CZPC
CZPK
CZSJ
CZSP
CZTB
CZUB
CZUM
CZWN
CZZJ
DBLN6
DELD1
DESW1
DISW3
DKCM6
DOMV2
DPIA1
DRFA2
DTLM4
DUKN7
DULM5
EGKF1
EPTT2
EROA2
ESPP4
FAIO1
FBIS1
FCGT2
FFIA2
FILA2
FMOA1
FMRF1
FOXR1
FPKG1
FPTM4
FRDF1
FRDP4
FRWL1
FSKM2
FTGM4
FTPC1
FWYF1
GA45
GELO1
GISL1
GNJT2
GSLM4
GTLM4
GTRM4
GWPM6
HCGN7
HHLO1
HLNM4
HRBM4
ICAC1
IIWC1
IOSN3
JMPN7
JNEA2
K04V
K04W
K06D
K08D
K0A9
K0E0
K0F2
K0J4
K0VG
K11R
K12N
K14Y
K1A5
K1A6
K1F0
K1H2
K1M4
K1P1
K1R7
K1U7
K1V4
K20V
K21D
K2C8
K2D5
K2DP
K2G4
K2J9
K2V5
K2W6
K2WX
K33V
K36U
K3A1
K3I2
K3J7
K3LF
K3MW
K3T5
K40J
K42J
K4A9
K4BM
K4I3
K4M9
K4MR
K4O4
K5C1
K5H4
K65S
K6R3
K6R6
K79J
K7A7
K7BM
K7L2
K8A0
K8D3
K96D
K9A1
K9D7
K9L2
K9MN
K9V9
KAAA
KAAF
KAAO
KAAT
KABE
KABI
KABQ
KABR
KABY
KACB
KACJ
KACK
KACP
KACQ
KACT
KACV
KACY
KADC
KADF
KADG
KADH
KADM
KADS
KADU
KADW
KAEG
KAEL
KAEX
KAFF
KAFJ
KAFK
KAFN
KAFP
KAFW
KAGC
KAGR
KAGS
KAHN
KAHQ
KAIA
KAID
KAIG
KAIK
KAIO
KAIT
KAIZ
KAJG
KAJO
KAKH
KAKO
KAKQ
KAKR
KALB
KALI
KALK
KALM
KALN
KALO
KALS
KALW
KALX
KAMA
KAMG
KAMN
KAMW
KANB
KAND
KANE
KANJ
KANK
KANW
KAOH
KAOO
KAPA
KAPC
KAPF
KAPG
KAPN
KAPY
KAQO
KAQP
KAQR
KAQV
KAQW
KARA
KARB
KARG
KARM
KARR
KART
KARV
KARW
KASD
KASE
KASG
KASH
KASJ
KASN
KAST
KASW
KASX
KATA1
KATL
KATP
KATS
KATT
KATW
KATY
KAUG
KAUH
KAUM
KAUN
KAUO
KAUS
KAUW
KAVC
KAVK
KAVL
KAVP
KAVX
KAWG
KAWM
KAWO
KAXA
KAXH
KAXN
KAXS
KAXX
KAYS
KAZO
KBAB
KBAD
KBAF
KBAX
KBAZ
KBBB
KBBD
KBBF
KBBG
KBBP
KBBW
KBCB
KBCE
KBCK
KBCT
KBDE
KBDH
KBDL
KBDN
KBDR
KBDU
KBEA
KBED
KBEH
KBFD
KBFF
KBFI
KBFL
KBFM
KBFW
KBGD
KBGE
KBGM
KBGR
KBHB
KBHK
KBHM
KBID
KBIE
KBIF
KBIH
KBIJ
KBIL
KBIS
KBIV
KBIX
KBJC
KBJI
KBJJ
KBJN
KBKB
KBKD
KBKE
KBKF
KBKL
KBKN
KBKS
KBKT
KBKV
KBKW
KBKX
KBLF
KBLH
KBLI
KBLM
KBLU
KBLV
KBMG
KBMI
KBML
KBMQ
KBNA
KBNL
KBNO
KBNW
KBOI
KBOK
KBOS
KBOW
KBPC
KBPG
KBPI
KBPK
KBPT
KBQK
KBQP
KBRD
KBRL
KBRO
KBTA
KBTL
KBTM
KBTP
KBTR
KBTV
KBUF
KBUR
KBUU
KBUY
KBVE
KBVI
KBVN
KBVO
KBVS
KBVU
KBVX
KBVY
KBWD
KBWG
KBWI
KBWP
KBXK
KBYG
KBYI
KBYS
KBYY
KBZN
KC09
KC29
KC75
KCAD
KCAE
KCAG
KCAK
KCAO
KCAR
KCAV
KCBE
KCBF
KCBG
KCBK
KCBM
KCCA
KCCO
KCCR
KCCU
KCCY
KCDA
KCDC
KCDD
KCDH
KCDJ
KCDN
KCDR
KCDS
KCDW
KCEC
KCEF
KCEU
KCEW
KCEY
KCEZ
KCFE
KCFS
KCFV
KCGC
KCGE
KCGF
KCGI
KCGS
KCGZ
KCHA
KCHD
KCHK
KCHO
KCHS
KCIC
KCID
KCIN
KCIR
KCIU
KCJR
KCKB
KCKC
KCKI
KCKM
KCKN
KCKP
KCKV
KCLE
KCLI
KCLK
KCLL
KCLM
KCLS
KCLT
KCMA
KCMH
KCMI
KCMR
KCMX
KCMY
KCNB
KCNC
KCNI
KCNK
KCNM
KCNO
KCNU
KCNY
KCOD
KCOE
KCOF
KCOM
KCON
KCOQ
KCOS
KCOT
KCOU
KCPC
KCPK
KCPR
KCPS
KCPT
KCPW
KCQB
KCQC
KCQM
KCQT
KCQW
KCQX
KCRE
KCRG
KCRP
KCRQ
KCRS
KCRW
KCSG
KCSM
KCSQ
KCSV
KCTB
KCTJ
KCTY
KCTZ
KCUB
KCUH
KCUL
KCUT
KCVB
KCVG
KCVH
KCVN
KCVO
KCVS
KCVX
KCWA
KCWC
KCWF
KCWI
KCWV
KCXO
KCXP
KCXY
KCYS
KCZZ
KD07
KD39
KD50
KD55
KDAA
KDAA2
KDAB
KDAG
KDAL
KDAN
KDAW
KDAY
KDBN
KDBQ
KDCA
KDCM
KDCU
KDDC
KDDH
KDEC
KDEH
KDEN
KDEQ
KDET
KDEW
KDFI
KDFW
KDGW
KDHN
KDHT
KDIJ
KDIK
KDKB
KDKK
KDKR
KDLF
KDLH
KDLL
KDLN
KDLS
KDLZ
KDMA
KDMH
KDMN
KDMO
KDMW
KDNK
KDNL
KDNN
KDNS
KDNV
KDOV
KDPA
KDPL
KDQH
KDRA
KDRI
KDRM
KDRO
KDRT
KDSM
KDSV
KDTL
KDTN
KDTO
KDTS
KDTW
KDUA
KDUC
KDUG
KDUH
KDUJ
KDUX
KDVK
KDVL
KDVN
KDVO
KDVP
KDVT
KDWH
KDXR
KDXX
KDXZ
KDYB
KDYL
KDYR
KDYS
KDYT
KDZB
KE38
KE80
KEAR
KEAT
KEAU
KEBG
KEBS
KECA2
KECG
KECP
KECU
KEDC
KEDE
KEDU
KEDW
KEED
KEEN
KEEO
KEET
KEFD
KEFK
KEFT
KEGE
KEGI
KEGV
KEHA
KEHC
KEHO
KEHR
KEIK
KEIR
KEKN
KEKO
KEKQ
KELD
KELM
KELN
KELO
KELP
KELY
KELZ
KEMP
KEMV
KEND
KENL
KENV
KENW
KEOE
KEOK
KEPH
KEQY
KERI
KERV
KERY
KESC
KESF
KESN
KEST
KETB
KETC
KETH
KEUF
KEUG
KEUL
KEVM
KEVV
KEVW
KEWB
KEWK
KEWN
KEWR
KEXX
KEYE
KEYF
KEYW
KEZF
KEZS
KF05
KFAF
KFAM
KFAR
KFAT
KFAY
KFBG
KFBL
KFCI
KFCM
KFCS
KFDK
KFDR
KFDW
KFDY
KFEP
KFET
KFEW
KFFA
KFFC
KFFL
KFFM
KFFO
KFFT
KFFX
KFGN
KFHB
KFHR
KFHU
KFIG
KFIT
KFKA
KFKL
KFKN
KFKS
KFLD
KFLG
KFLL
KFLO
KFLP
KFLY
KFME
KFMH
KFMN
KFMY
KFNB
KFNL
KFNT
KFOA
KFOD
KFOE
KFOK
KFOZ
KFPK
KFPR
KFQD
KFRG
KFRI
KFRM
KFSD
KFSE
KFSI
KFSM
KFSO
KFST
KFSW
KFTG
KFTK
KFTN
KFTW
KFTY
KFUL
KFVE
KFVX
KFWA
KFWC
KFWN
KFWS
KFXE
KFXY
KFYJ
KFYV
KFZG
KFZY
KGAD
KGAF
KGAG
KGAI
KGAO
KGBD
KGBG
KGBK
KGBN
KGCA2
KGCC
KGCD
KGCK
KGCM
KGCN
KGDB
KGDJ
KGDP
KGDV
KGED
KGEG
KGEU
KGEV
KGEY
KGEZ
KGFA
KGFK
KGFL
KGGE
KGGG
KGGI
KGGW
KGHG
KGHW
KGIF
KGJT
KGKJ
KGKY
KGLD
KGLE
KGLH
KGLR
KGLS
KGLW
KGLY
KGMJ
KGMU
KGNA
KGNC
KGNR
KGNT
KGNV
KGOK
KGON
KGOP
KGOV
KGPI
KGPM
KGPT
KGPZ
KGRB
KGRD
KGRF
KGRI
KGRK
KGRR
KGSB
KGSH
KGSO
KGSP
KGTB
KGTF
KGTR
KGTU
KGUC
KGUP
KGUS
KGUY
KGVL
KGVT
KGVX
KGWB
KGWO
KGWW
KGXY
KGYB
KGYH
KGYI
KGYL
KGYR
KGYY
KGZH
KGZL
KH21
KHAF
KHAI
KHAO
KHBG
KHBI
KHBR
KHBV
KHCD
KHCO
KHDC
KHDE
KHDN
KHDO
KHEF
KHEI
KHEQ
KHEZ
KHFD
KHFF
KHFJ
KHGR
KHHF
KHHR
KHIB
KHIE
KHIF
KHIO
KHJH
KHJO
KHKA
KHKS
KHKY
KHLC
KHLG
KHLN
KHLR
KHLX
KHMN
KHNB
KHND
KHNR
KHNZ
KHOB
KHOE
KHON
KHOP
KHOT
KHOU
KHPN
KHQI
KHQM
KHQU
KHQZ
KHRI
KHRJ
KHRL
KHRO
KHRT
KHRX
KHSB
KHSE
KHSI
KHSP
KHST
KHSV
KHTL
KHTS
KHUA
KHUF
KHUL
KHUM
KHUT
KHVN
KHVR
KHVS
KHWD
KHWO
KHWV
KHWY
KHXD
KHYA
KHYI
KHYR
KHYS
KHYW
KHYX
KHZE
KHZX
KHZY
KI16
KI39
KI75
KIAB
KIAD
KIAG
KIAH
KIBM
KICL
KICR
KICT
KIDA
KIDI
KIDP
KIEN
KIER
KIFA
KIFP
KIGM
KIGQ
KIGX
KIIB
KIIY
KIJD
KIJX
KIKK
KIKR
KIKV
KIKW
KILE
KILG
KILM
KILN
KIML
KIMT
KIND
KINJ
KINK
KINL
KINS
KINT
KINW
KIOW
KIPJ
KIPL
KIPN
KIPT
KIRK
KIRS
KISM
KISN
KISO
KISP
KISQ
KISW
KITH
KITR
KIWA
KIWD
KIWI
KIXA
KIXD
KIZA
KIZG
KJAC
KJAN
KJAS
KJAX
KJBR
KJCT
KJDD
KJDN
KJEF
KJER
KJES
KJFK
KJFX
KJFZ
KJGG
KJHW
KJKA
KJKJ
KJKL
KJLN
KJMR
KJMS
KJNX
KJOT
KJQF
KJSO
KJST
KJSV
KJVL
KJWG
KJWY
KJXI
KJXN
KJYG
KJYL
KJYM
KJYO
KJYR
KJZI
KKLS
KL35
KL63
KLAA
KLAF
KLAL
KLAM
KLAN
KLAR
KLAS
KLAW
KLAX
KLBB
KLBE
KLBF
KLBL
KLBR
KLBT
KLBX
KLCG
KLCH
KLCI
KLCK
KLDM
KLEB
KLEE
KLEW
KLEX
KLFI
KLFK
KLFT
KLGA
KLGB
KLGC
KLGD
KLGU
KLHB
KLHM
KLHQ
KLHW
KLHX
KLHZ
KLIC
KLIT
KLJF
KLKR
KLKU
KLKV
KLLJ
KLLQ
KLMO
KLMT
KLNC
KLND
KLNK
KLNL
KLNP
KLNR
KLNS
KLOL
KLOM
KLOR
KLOT
KLOU
KLOZ
KLPC
KLPR
KLQK
KLRD
KLRF
KLRJ
KLRO
KLRU
KLSE
KLSF
KLSV
KLTS
KLUD
KLUF
KLUK
KLUM
KLUX
KLVJ
KLVK
KLVM
KLVN
KLVS
KLWA
KLWB
KLWC
KLWD
KLWM
KLWS
KLWT
KLWV
KLXL
KLXN
KLXT
KLXV
KLYH
KLYV
KLZU
KLZZ
KM19
KM30
KMAE
KMAF
KMAI
KMAN
KMAO
KMBG
KMBL
KMBS
KMCB
KMCC
KMCD
KMCE
KMCF
KMCI
KMCJ
KMCK
KMCN
KMCO
KMCW
KMDD
KMDH
KMDJ
KMDQ
KMDS
KMDT
KMDW
KMDZ
KMEB
KMEH
KMEI
KMEM
KMER
KMEZ
KMFD
KMFE
KMFI
KMFR
KMFV
KMGE
KMGG
KMGJ
KMGM
KMGN
KMGR
KMGW
KMGY
KMHE
KMHK
KMHR
KMHS
KMHT
KMHV
KMIA
KMIB
KMIC
KMIE
KMIV
KMIW
KMJQ
KMKC
KMKE
KMKG
KMKJ
KMKL
KMKN
KMKO
KMKS
KMKT
KMLB
KMLC
KMLE
KMLF
KMLI
KMLJ
KMLP
KMLS
KMLT
KMLU
KMMH
KMMK
KMML
KMMT
KMMU
KMMV
KMNE
KMNH
KMNI
KMNM
KMNN
KMNZ
KMOB
KMOD
KMOP
KMOT
KMOX
KMPO
KMPV
KMPZ
KMQB
KMQE
KMQI
KMQS
KMQY
KMRB
KMRF
KMRH
KMRJ
KMRN
KMRT
KMRY
KMSL
KMSN
KMSO
KMSP
KMSS
KMSV
KMSY
KMTC
KMTH
KMTJ
KMTN
KMTO
KMTP
KMTV
KMTW
KMUI
KMUO
KMUT
KMVE
KMVL
KMVN
KMVY
KMWA
KMWC
KMWH
KMWK
KMWL
KMWM
KMWN
KMWO
KMWS
KMWT
KMXF
KMXO
KMYF
KMYL
KMYP
KMYR
KMYT
KMYV
KMZG
KMZH
KMZJ
KMZZ
KN60
KNAK
KNBC
KNBG
KNBT
KNCA
KNDZ
KNEL
KNEW
KNFE
KNFG
KNFL
KNFW
KNGP
KNGU
KNHK
KNID
KNIP
KNJK
KNJM
KNKT
KNKX
KNLC
KNMM
KNOG
KNPA
KNQA
KNQI
KNQX
KNRB
KNRS
KNSE
KNSI
KNSW3
KNTD
KNTU
KNUI
KNUQ
KNUW
KNXF
KNXP
KNXX
KNYC
KNYG
KNYL
KNZY
KO22
KO54
KO69
KOAJ
KOAK
KOBE
KOCF
KOCH
KOCW
KODO
KODX
KOEB
KOEO
KOFF
KOFK
KOFP
KOGA
KOGB
KOGD
KOJA
KOJC
KOKB
KOKC
KOKK
KOKM
KOKV
KOLE
KOLF
KOLM
KOLS
KOLU
KOLV
KOLY
KOLZ
KOMA
KOMH
KOMK
KONA
KONL
KONM
KONO
KONP
KONT
KONX
KONZ
KOOA
KOPF
KOPN
KOQT
KOQU
KORB
KORC
KORD
KORE
KORF
KORG
KORH
KORL
KORS
KOSA
KOSC
KOSH
KOSU
KOTG
KOTH
KOTM
KOUN
KOVE
KOVL
KOVS
KOWA
KOWB
KOWD
KOXB
KOXC
KOXI
KOXR
KOXV
KOZA
KOZR
KOZW
KP28
KP53
KP58
KP59
KP60
KP68
KP69
KP92
KPAE
KPAH
KPAM
KPAN
KPAO
KPBF
KPBG
KPBH
KPBI
KPBX
KPCM
KPCZ
KPDC
KPDK
KPDT
KPDX
KPEA
KPEF
KPEO
KPEQ
KPEX
KPEZ
KPGA
KPGD
KPGV
KPHD
KPHF
KPHL
KPHN
KPHP
KPHX
KPIA
KPIB
KPIE
KPIH
KPIL
KPIR
KPIT
KPKB
KPKD
KPKV
KPLN
KPLU
KPMD
KPMP
KPMV
KPNA
KPNC
KPNE
KPNM
KPNS
KPNT
KPOB
KPOE
KPOF
KPOU
KPOV
KPPA
KPPF
KPPO
KPPQ
KPQI
KPQL
KPQN
KPRB
KPRC
KPRG
KPRN
KPRO
KPRS
KPRX
KPSC
KPSF
KPSK
KPSM
KPSN
KPSO
KPSP
KPSX
KPTB
KPTK
KPTN
KPTN6
KPTS
KPTT
KPTV
KPTW
KPUB
KPUC
KPUJ
KPUW
KPVB
KPVC
KPVD
KPVG
KPVJ
KPVU
KPVW
KPWA
KPWC
KPWG
KPWK
KPWM
KPWT
KPYM
KPYX
KPZQ
KRAC
KRAL
KRAP
KRAS
KRBD
KRBG
KRBL
KRBO
KRBW
KRCA
KRCE
KRCM
KRCR
KRCX
KRCZ
KRDD
KRDG
KRDK
KRDM
KRDR
KRDU
KREO
KRFD
KRFI
KRGK
KRHI
KRHP
KRHV
KRIC
KRIL
KRIV
KRIW
KRKD
KRKP
KRKR
KRKS
KRME
KRMG
KRMN
KRMY
KRND
KRNH
KRNM
KRNO
KRNP
KRNT
KROA
KROC
KROG
KROS
KROW
KROX
KRPD
KRPH
KRPJ
KRQB
KRQE
KRQO
KRRL
KRRT
KRSL
KRSN
KRSP
KRST
KRSV
KRSW
KRTN
KRUE
KRUG
KRUQ
KRUT
KRVS
KRWF
KRWI
KRWL
KRWV
KRXE
KRYT
KRYV
KRYW
KRYY
KRZL
KRZN
KS25
KS32
KSAC
KSAD
KSAF
KSAN
KSAR
KSAT
KSAV
KSAW
KSAZ
KSBA
KSBM
KSBN
KSBO
KSBP
KSBS
KSBY
KSCF
KSCH
KSCK
KSDA
KSDB
KSDF
KSDL
KSDM
KSDY
KSEA
KSEG
KSEP
KSET
KSEZ
KSFB
KSFF
KSFM
KSFO
KSFQ
KSFY
KSFZ
KSGF
KSGH
KSGJ
KSGR
KSGS
KSGT
KSGU
KSHD
KSHL
KSHN
KSHR
KSHV
KSIF
KSIY
KSJC
KSJN
KSJS
KSJT
KSJX
KSKA
KSKF
KSKX
KSLB
KSLC
KSLE
KSLG
KSLH
KSLI
KSLK
KSLN
KSLO
KSLR
KSME
KSMF
KSMN
KSMO
KSMP
KSMQ
KSMS
KSMX
KSNA
KSNC
KSNK
KSNL
KSNS
KSNT
KSNY
KSOA
KSOP
KSOW
KSPA
KSPB
KSPD
KSPF
KSPG
KSPI
KSPR
KSPS
KSPW
KSQI
KSQL
KSRC
KSRQ
KSRR
KSSC
KSSF
KSSI
KSTC
KSTE
KSTF
KSTJ
KSTK
KSTL
KSTP
KSTS
KSUA
KSUE
KSUN
KSUS
KSUT
KSUU
KSUW
KSUX
KSVC
KSVH
KSVN
KSWF
KSWO
KSWW
KSXT
KSYM
KSYN
KSYR
KSZL
KSZT
KT65
KT82
KTAD
KTAN
KTAZ
KTBN
KTBR
KTCC
KTCL
KTCM
KTCS
KTDF
KTDZ
KTEB
KTEW
KTEX
KTFP
KTHV
KTIF
KTIK
KTIP
KTIW
KTIX
KTKC
KTKI
KTKV
KTLH
KTMA
KTMB
KTME
KTMK
KTNB
KTNF1
KTNU
KTNX
KTOA
KTOB
KTOI
KTOL
KTOP
KTOR
KTPA
KTPF
KTPH
KTPL
KTQE
KTQH
KTRI
KTRK
KTRL
KTRM
KTSP
KTTA
KTTD
KTTF
KTTN
KTTS
KTUL
KTUP
KTUS
KTVC
KTVF
KTVI
KTVK
KTVL
KTVR
KTWF
KTWM
KTXK
KTYQ
KTYR
KTYS
KTZR
KUAO
KUBE
KUCP
KUDG
KUES
KUGN
KUIL
KUIN
KUKF
KUKI
KUKT
KULM
KUNI
KUNO
KUNU
KUNV
KUOX
KUTA
KUTS
KUUU
KUVA
KUXL
KUZA
KVAD
KVAY
KVBG
KVBS
KVBT
KVCB
KVCT
KVCV
KVDF
KVDI
KVEL
KVER
KVES
KVGT
KVIH
KVIS
KVJI
KVKY
KVLD
KVLL
KVNC
KVNP
KVNY
KVOA
KVOK
KVPC
KVPS
KVPZ
KVQQ
KVRB
KVSF
KVTA
KVTI
KVTN
KVTP
KVUJ
KVUO
KVVG
KVVV
KVWU
KVYS
KW22
KW29
KW99
KWAL
KWDG
KWDR
KWJF
KWLD
KWMC
KWNW3
KWRB
KWRI
KWRL
KWST
KWVI
KWVL
KWWD
KWWR
KWYS
KXBP
KXLL
KXMR
KXNA
KXPY
KXSA
KXVG
KY19
KY50
KY51
KY63
KY70
KYIP
KYKM
KYKN
KYNG
KZZV
LDLC3
LDTM4
LKWF1
LMFS1
LNDC1
LONF1
LOPL1
LOPW1
LPNM4
LTBV3
LWSD1
LWTV2
MACM4
MBLA1
MCGA1
MCGM4
MCYI3
MDPC
MDPP
MDRM1
MDSD
MDST
MEEM4
MGIP4
MGPT2
MGZP4
MHPA1
MKGM4
MKJP
MKJS
MLRF1
MLSC1
MLWW3
MMMD
MMSP
MNMM4
MNPV2
MQTT2
MRHO1
MRKA2
MROS1
MRSL1
MUCL
MUCM
MUCU
MUGM
MUHA
MUHG
MUVR
MYNN
MYPF1
NABM4
NBLP1
NFBF1
NGLT2
NKTA2
NMTA2
NPSF1
NWCL1
NWHC3
NWPO3
NWPR1
OLCN6
OLSA2
OSGN6
PAAK
PAAQ
PABA
PABE
PABI
PABL
PABR
PABT
PABV
PACD
PACF1
PACM
PACV
PACZ
PADE
PADK
PADL
PADM
PADQ
PADU
PAED
PAEG
PAEH
PAEI
PAEM
PAEN
PAFA
PAFB
PAFE
PAFM
PAFR
PAFS
PAGA
PAGH
PAGK
PAGL
PAGM
PAGN
PAGS
PAGY
PAHC
PAHL
PAHN
PAHO
PAHP
PAHY
PAIG
PAII
PAIK
PAIL
PAIM
PAIN
PAIW
PAJC
PAJN
PAJZ
PAKF
PAKI
PAKK
PAKN
PAKP
PAKT
PAKU
PAKV
PAKW
PALG
PALH
PALJ
PALP
PALU
PAMB
PAMC
PAMD
PAMH
PAMK
PAMM
PAMO
PAMR
PAMY
PANC
PANI
PANN
PANT
PANV
PANW
PAOH
PAOM
PAOO
PAOR
PAOT
PAOU
PAPB
PAPG
PAPH
PAPN
PAPO
PAQT
PARC
PARS
PARY
PASA
PASC
PASD
PASH
PASI
PASK
PASL
PASM
PASN
PASO
PASV
PASX
PASY
PATA
PATC
PATE
PATG
PATK
PATL
PATO
PATQ
PAUN
PAVA
PAVC
PAVD
PAVL
PAWD
PAWG
PAWI
PAWN
PAWS
PAYA
PAZK
PCGT2
PCLM4
PCNT2
PCOC1
PFNO
PFYU
PHBK
PHHI
PHIK
PHJH
PHJR
PHKO
PHLI
PHMK
PHNG
PHNL
PHNY
PHOG
PHSF
PHTO
PILL1
PILM4
PLXA2
PNGW3
PNLM4
PORO3
POTA2
PPIZ
PPTA1
PRDA2
PSBM1
PSCM4
PSTL1
PTAC1
PTAT2
PTBM6
PTCR1
PTGC1
PTIM4
PTIT2
PVGF1
PWAW3
QPTR1
RARM6
RCMC1
RCPT2
RDDA2
RLOT2
ROBN4
RPRN6
RTAT2
RTYC1
SAPF1
SAUF1
SBEO3
SBIO1
SBLM4
SBPT2
SDIA2
SGNW3
SGOF1
SHBL1
SHPF1
SISA2
SISW1
SJNP4
SJOM4
SJSN4
SLVM5
SMKF1
SNDA2
SPGF1
SRBV3
SRST2
STDM4
SVNM4
SWPM4
SXHW3
TAPA
TAWM4
TCBM2
TESL1
TIST
TISX
TJBQ
TJMZ
TJNR
TJPS
TJSJ
TKPK
TLBO3
TNCA
TNCB
TNCC
TNCE
TNCM
TOKW1
TPLM2
TRDF1
TTIW1
TUPJ
TXKF
TXPT2
UHMA
UNLA2
VAKF1
VCAF1
VDZA2
VENF1
VQSP4
WAHV2
WATS1
WDSV2
WELM1
WFPM4
WHRI2
WNEM4
WPOW1
WPTW1
WYCM6
YABP4
YGNN6
YKRV2
YKTV2
